<?xml version="1.0" encoding="UTF-8"?>
<!-- Generated by org.testng.reporters.JUnitReportReporter -->
<testsuite skipped="0" hostname="Farrahs-MacBook-Air.local" name="com.syntax.testcases.AddEmployeePageTest" tests="1" failures="0" timestamp="09 Jun 2019 17:45:10 GMT" time="10.179" errors="0">
  <testcase name="addEmployee" time="10.179" classname="com.syntax.testcases.AddEmployeePageTest"/>
</testsuite> <!-- com.syntax.testcases.AddEmployeePageTest -->
