<?xml version="1.0" encoding="UTF-8"?>
<!-- Generated by org.testng.reporters.JUnitReportReporter -->
<testsuite skipped="0" hostname="Farrahs-MacBook-Air.local" name="com.syntax.practice.ExcelWriteDemo" tests="1" failures="0" timestamp="15 Jun 2019 18:27:19 GMT" time="0.921" errors="0">
  <testcase name="writeExcel" time="0.921" classname="com.syntax.practice.ExcelWriteDemo"/>
</testsuite> <!-- com.syntax.practice.ExcelWriteDemo -->
