<?xml version="1.0" encoding="UTF-8"?>
<!-- Generated by org.testng.reporters.JUnitReportReporter -->
<testsuite skipped="0" hostname="Farrahs-MacBook-Air.local" name="com.syntax.testcases.LoginPageTest" tests="3" failures="0" timestamp="09 Jun 2019 18:28:20 GMT" time="17.785" errors="0">
  <testcase name="loginToOrangeHRM" time="5.241" classname="com.syntax.testcases.LoginPageTest"/>
  <testcase name="doLogin" time="7.118" classname="com.syntax.testcases.LoginPageTest"/>
  <testcase name="negativeLogin" time="5.426" classname="com.syntax.testcases.LoginPageTest"/>
</testsuite> <!-- com.syntax.testcases.LoginPageTest -->
